printphotomodule/build/intermediates/manifest_merge_blame_file/debug/manifest-merger-blame-debug-report.txt
1<?xml version="1.0" encoding="utf-8"?>
2<manifest xmlns:android="http://schemas.android.com/apk/res/android"
3    xmlns:tools="http://schemas.android.com/tools"
4    package="com.mobile.cover.photo.editor.back.maker" >
5
6    <uses-sdk
7        android:minSdkVersion="21"
7-->src\main\AndroidManifest.xml
8        android:targetSdkVersion="33" />
8-->src\main\AndroidManifest.xml
9
10    <uses-permission android:name="android.permission.READ_EXTERNAL_STORAGE" />
10-->src\main\AndroidManifest.xml:6:5-80
10-->src\main\AndroidManifest.xml:6:22-77
11    <uses-permission android:name="android.permission.WAKE_LOCK" />
11-->src\main\AndroidManifest.xml:7:5-68
11-->src\main\AndroidManifest.xml:7:22-65
12    <uses-permission android:name="android.permission.WRITE_EXTERNAL_STORAGE" />
12-->src\main\AndroidManifest.xml:8:5-81
12-->src\main\AndroidManifest.xml:8:22-78
13
14    <!-- <uses-permission android:name="android.permission.CAMERA" /> -->
15    <!-- <uses-feature android:name="android.hardware.camera.external" /> -->
16    <!-- <uses-feature android:name="android.hardware.camera.autofocus" /> -->
17    <!-- <uses-feature android:name="android.hardware.camera" /> -->
18    <queries>
18-->src\main\AndroidManifest.xml:14:5-18:15
19        <intent>
19-->src\main\AndroidManifest.xml:15:9-17:18
20            <action android:name="android.media.action.IMAGE_CAPTURE" />
20-->src\main\AndroidManifest.xml:16:13-73
20-->src\main\AndroidManifest.xml:16:21-70
21        </intent>
22    </queries>
23
24    <uses-permission android:name="android.permission.INTERNET" />
24-->src\main\AndroidManifest.xml:20:5-67
24-->src\main\AndroidManifest.xml:20:22-64
25    <uses-permission android:name="android.permission.VIBRATE" />
25-->src\main\AndroidManifest.xml:21:5-66
25-->src\main\AndroidManifest.xml:21:22-63
26    <uses-permission android:name="android.permission.RECEIVE_BOOT_COMPLETED" />
26-->src\main\AndroidManifest.xml:22:5-81
26-->src\main\AndroidManifest.xml:22:22-78
27    <uses-permission android:name="com.android.alarm.permission.SET_ALARM" />
27-->src\main\AndroidManifest.xml:23:5-78
27-->src\main\AndroidManifest.xml:23:22-75
28    <uses-permission android:name="android.permission.GET_INTENT_SENDER_INTENT" />
28-->src\main\AndroidManifest.xml:24:5-83
28-->src\main\AndroidManifest.xml:24:22-80
29    <uses-permission android:name="android.permission.ACCESS_NETWORK_STATE" />
29-->src\main\AndroidManifest.xml:25:5-79
29-->src\main\AndroidManifest.xml:25:22-76
30    <uses-permission android:name="android.permission.ACCESS_WIFI_STATE" />
30-->src\main\AndroidManifest.xml:26:5-76
30-->src\main\AndroidManifest.xml:26:22-73
31    <uses-permission
31-->src\main\AndroidManifest.xml:27:5-29:31
32        android:name="android.permission.POST_NOTIFICATIONS"
32-->src\main\AndroidManifest.xml:28:9-61
33        tools:node="remove" />
33-->src\main\AndroidManifest.xml:29:9-28
34    <uses-permission android:name="android.permission.READ_MEDIA_IMAGES" />
34-->src\main\AndroidManifest.xml:31:5-76
34-->src\main\AndroidManifest.xml:31:22-73
35
36    <application android:supportsRtl="true" >
36-->src\main\AndroidManifest.xml:33:5-493:19
36-->src\main\AndroidManifest.xml:33:18-44
37        <uses-library
37-->src\main\AndroidManifest.xml:35:9-37:40
38            android:name="org.apache.http.legacy"
38-->src\main\AndroidManifest.xml:36:13-50
39            android:required="false" />
39-->src\main\AndroidManifest.xml:37:13-37
40
41        <activity android:name="com.mobile.cover.photo.editor.back.maker.activity.Usefull.jewellery_activity" />
41-->src\main\AndroidManifest.xml:39:9-73
41-->src\main\AndroidManifest.xml:39:19-70
42        <activity android:name="com.mobile.cover.photo.editor.back.maker.activity.Usefull.Select_region" />
42-->src\main\AndroidManifest.xml:40:9-68
42-->src\main\AndroidManifest.xml:40:19-65
43        <activity
43-->src\main\AndroidManifest.xml:41:9-43:52
44            android:name="com.mobile.cover.photo.editor.back.maker.activity.Usefull.Mug_images_category_activity"
44-->src\main\AndroidManifest.xml:42:13-74
45            android:screenOrientation="portrait" />
45-->src\main\AndroidManifest.xml:43:13-49
46        <activity
46-->src\main\AndroidManifest.xml:44:9-46:53
47            android:name="com.mobile.cover.photo.editor.back.maker.testing_modules.dimension_kajal_maulik.activity.Mug_MainActivity"
47-->src\main\AndroidManifest.xml:45:13-93
48            android:screenOrientation="landscape" />
48-->src\main\AndroidManifest.xml:46:13-50
49        <activity android:name="com.mobile.cover.photo.editor.back.maker.activity.Usefull.fancy_mobile_cover" />
49-->src\main\AndroidManifest.xml:47:9-73
49-->src\main\AndroidManifest.xml:47:19-70
50        <activity
50-->src\main\AndroidManifest.xml:48:9-50:52
51            android:name="com.mobile.cover.photo.editor.back.maker.activity.Usefull.FinalScreenActivity"
51-->src\main\AndroidManifest.xml:49:13-65
52            android:screenOrientation="portrait" />
52-->src\main\AndroidManifest.xml:50:13-49
53        <activity
53-->src\main\AndroidManifest.xml:51:9-53:52
54            android:name="com.mobile.cover.photo.editor.back.maker.activity.Usefull.Zoom_view_activity"
54-->src\main\AndroidManifest.xml:52:13-64
55            android:screenOrientation="portrait" />
55-->src\main\AndroidManifest.xml:53:13-49
56        <activity
56-->src\main\AndroidManifest.xml:54:9-56:52
57            android:name="com.mobile.cover.photo.editor.back.maker.activity.Usefull.mall_description"
57-->src\main\AndroidManifest.xml:55:13-62
58            android:screenOrientation="portrait" />
58-->src\main\AndroidManifest.xml:56:13-49
59        <activity
59-->src\main\AndroidManifest.xml:57:9-59:52
60            android:name="com.mobile.cover.photo.editor.back.maker.activity.Testing.mobile_cover_college_frame"
60-->src\main\AndroidManifest.xml:58:13-72
61            android:screenOrientation="portrait" />
61-->src\main\AndroidManifest.xml:59:13-49
62        <activity
62-->src\main\AndroidManifest.xml:60:9-62:52
63            android:name="com.mobile.cover.photo.editor.back.maker.activity.Testing.Testing_multiple_image_cover"
63-->src\main\AndroidManifest.xml:61:13-74
64            android:screenOrientation="portrait" />
64-->src\main\AndroidManifest.xml:62:13-49
65        <activity
65-->src\main\AndroidManifest.xml:63:9-67:20
66            android:name="com.mobile.cover.photo.editor.back.maker.activity.Testing.testing_json"
66-->src\main\AndroidManifest.xml:64:13-58
67            android:screenOrientation="portrait" >
67-->src\main\AndroidManifest.xml:65:13-49
68        </activity>
69        <activity
69-->src\main\AndroidManifest.xml:68:9-70:52
70            android:name="com.mobile.cover.photo.editor.back.maker.activity.Testing.paypal_demo_response"
70-->src\main\AndroidManifest.xml:69:13-66
71            android:screenOrientation="portrait" />
71-->src\main\AndroidManifest.xml:70:13-49
72        <activity
72-->src\main\AndroidManifest.xml:71:9-75:20
73            android:name="com.mobile.cover.photo.editor.back.maker.activity.Testing.testing_webview"
73-->src\main\AndroidManifest.xml:72:13-61
74            android:screenOrientation="portrait" >
74-->src\main\AndroidManifest.xml:73:13-49
75        </activity>
76        <activity
76-->src\main\AndroidManifest.xml:76:9-78:52
77            android:name="com.mobile.cover.photo.editor.back.maker.activity.Usefull.bulk_order_activity"
77-->src\main\AndroidManifest.xml:77:13-65
78            android:screenOrientation="portrait" />
78-->src\main\AndroidManifest.xml:78:13-49
79        <activity
79-->src\main\AndroidManifest.xml:79:9-81:52
80            android:name="com.mobile.cover.photo.editor.back.maker.activity.Usefull.mall_filter_activity"
80-->src\main\AndroidManifest.xml:80:13-66
81            android:screenOrientation="portrait" />
81-->src\main\AndroidManifest.xml:81:13-49
82        <activity
82-->src\main\AndroidManifest.xml:82:9-84:52
83            android:name="com.mobile.cover.photo.editor.back.maker.aaNewUpdate.mall.MallSearchActivity"
83-->src\main\AndroidManifest.xml:83:13-64
84            android:screenOrientation="portrait" />
84-->src\main\AndroidManifest.xml:84:13-49
85        <activity
85-->src\main\AndroidManifest.xml:85:9-87:52
86            android:name="com.mobile.cover.photo.editor.back.maker.activity.Usefull.Mall_wishlist"
86-->src\main\AndroidManifest.xml:86:13-59
87            android:screenOrientation="portrait" />
87-->src\main\AndroidManifest.xml:87:13-49
88        <activity
88-->src\main\AndroidManifest.xml:88:9-91:60
89            android:name="com.mobile.cover.photo.editor.back.maker.activity.Usefull.finished_activity"
89-->src\main\AndroidManifest.xml:89:13-63
90            android:screenOrientation="portrait"
90-->src\main\AndroidManifest.xml:90:13-49
91            android:theme="@style/ExitingAppSplashTheme" />
91-->src\main\AndroidManifest.xml:91:13-57
92        <activity
92-->src\main\AndroidManifest.xml:92:9-94:52
93            android:name="com.mobile.cover.photo.editor.back.maker.activity.Usefull.mall_seller_activity"
93-->src\main\AndroidManifest.xml:93:13-66
94            android:screenOrientation="portrait" />
94-->src\main\AndroidManifest.xml:94:13-49
95        <activity
95-->src\main\AndroidManifest.xml:95:9-97:52
96            android:name="com.mobile.cover.photo.editor.back.maker.aaNewUpdate.mall.mall_detail_activity"
96-->src\main\AndroidManifest.xml:96:13-66
97            android:screenOrientation="portrait" />
97-->src\main\AndroidManifest.xml:97:13-49
98        <activity
98-->src\main\AndroidManifest.xml:98:9-104:20
99            android:name="com.mobile.cover.photo.editor.back.maker.aaNewUpdate.mall.mall_category_activity"
99-->src\main\AndroidManifest.xml:99:13-68
100            android:launchMode="singleTask"
100-->src\main\AndroidManifest.xml:100:13-44
101            android:screenOrientation="portrait" >
101-->src\main\AndroidManifest.xml:101:13-49
102        </activity>
103        <activity
103-->src\main\AndroidManifest.xml:105:9-107:52
104            android:name="com.mobile.cover.photo.editor.back.maker.activity.Testing.OnboardingWithCenterAnimationActivity"
104-->src\main\AndroidManifest.xml:106:13-83
105            android:screenOrientation="portrait" />
105-->src\main\AndroidManifest.xml:107:13-49
106        <activity
106-->src\main\AndroidManifest.xml:108:9-132:20
107            android:name="com.mobile.cover.photo.editor.back.maker.aaNewUpdate.SplashScreen"
107-->src\main\AndroidManifest.xml:109:13-53
108            android:exported="true"
108-->src\main\AndroidManifest.xml:110:13-36
109            android:noHistory="true"
109-->src\main\AndroidManifest.xml:111:13-37
110            android:screenOrientation="portrait"
110-->src\main\AndroidManifest.xml:112:13-49
111            android:theme="@style/AppSplashScreenTheme" >
111-->src\main\AndroidManifest.xml:113:13-56
112            <intent-filter>
112-->src\main\AndroidManifest.xml:114:13-130:29
113                <action android:name="android.intent.action.VIEW" />
113-->src\main\AndroidManifest.xml:115:17-69
113-->src\main\AndroidManifest.xml:115:25-66
114
115                <category android:name="android.intent.category.DEFAULT" />
115-->src\main\AndroidManifest.xml:117:17-76
115-->src\main\AndroidManifest.xml:117:27-73
116                <category android:name="android.intent.category.BROWSABLE" />
116-->src\main\AndroidManifest.xml:118:17-78
116-->src\main\AndroidManifest.xml:118:27-75
117
118                <data
118-->src\main\AndroidManifest.xml:120:17-123:46
119                    android:host="printphoto.in"
119-->src\main\AndroidManifest.xml:121:21-49
120                    android:pathPrefix="/test"
120-->src\main\AndroidManifest.xml:122:21-47
121                    android:scheme="https" />
121-->src\main\AndroidManifest.xml:123:21-43
122                <data
122-->src\main\AndroidManifest.xml:120:17-123:46
123                    android:host="printphoto.in"
123-->src\main\AndroidManifest.xml:121:21-49
124                    android:pathPrefix="/home"
124-->src\main\AndroidManifest.xml:122:21-47
125                    android:scheme="applinks" />
125-->src\main\AndroidManifest.xml:123:21-43
126            </intent-filter>
127        </activity>
128        <activity
128-->src\main\AndroidManifest.xml:133:9-135:52
129            android:name="com.mobile.cover.photo.editor.back.maker.aaNewUpdate.newoffers.OffersActivity"
129-->src\main\AndroidManifest.xml:134:13-65
130            android:screenOrientation="portrait" />
130-->src\main\AndroidManifest.xml:135:13-49
131        <activity
131-->src\main\AndroidManifest.xml:136:9-138:52
132            android:name="com.mobile.cover.photo.editor.back.maker.aaNewUpdate.complaints.Complain_ticket_system"
132-->src\main\AndroidManifest.xml:137:13-74
133            android:screenOrientation="portrait" />
133-->src\main\AndroidManifest.xml:138:13-49
134        <activity
134-->src\main\AndroidManifest.xml:139:9-141:52
135            android:name="com.mobile.cover.photo.editor.back.maker.activity.Usefull.Phone_ModelActivity"
135-->src\main\AndroidManifest.xml:140:13-65
136            android:screenOrientation="portrait" />
136-->src\main\AndroidManifest.xml:141:13-49
137        <activity
137-->src\main\AndroidManifest.xml:142:9-144:52
138            android:name="com.mobile.cover.photo.editor.back.maker.Multiplegallery.Gallery"
138-->src\main\AndroidManifest.xml:143:13-52
139            android:screenOrientation="portrait" />
139-->src\main\AndroidManifest.xml:144:13-49
140        <activity
140-->src\main\AndroidManifest.xml:145:9-147:52
141            android:name="com.mobile.cover.photo.editor.back.maker.Multiplegallery.OpenGallery"
141-->src\main\AndroidManifest.xml:146:13-56
142            android:screenOrientation="portrait" />
142-->src\main\AndroidManifest.xml:147:13-49
143        <activity
143-->src\main\AndroidManifest.xml:148:9-150:52
144            android:name="com.mobile.cover.photo.editor.back.maker.Drag_recyclerview.MainActivity"
144-->src\main\AndroidManifest.xml:149:13-59
145            android:screenOrientation="portrait" />
145-->src\main\AndroidManifest.xml:150:13-49
146
147        <meta-data
147-->src\main\AndroidManifest.xml:152:9-154:55
148            android:name="com.razorpay.ApiKey"
148-->src\main\AndroidManifest.xml:153:13-47
149            android:value="rzp_live_UMRhd1BbuPUIjV" />
149-->src\main\AndroidManifest.xml:154:13-52
150
151        <receiver
151-->src\main\AndroidManifest.xml:156:9-162:20
152            android:name="com.razorpay.RzpTokenReceiver"
152-->src\main\AndroidManifest.xml:157:13-57
153            android:exported="false" >
153-->src\main\AndroidManifest.xml:158:13-37
154            <intent-filter>
154-->src\main\AndroidManifest.xml:159:13-161:29
155                <action android:name="rzp.device_token.share" />
155-->src\main\AndroidManifest.xml:160:17-65
155-->src\main\AndroidManifest.xml:160:25-62
156            </intent-filter>
157        </receiver>
158
159        <activity
159-->src\main\AndroidManifest.xml:164:9-175:20
160            android:name="com.razorpay.CheckoutActivity"
160-->src\main\AndroidManifest.xml:165:13-57
161            android:configChanges="keyboard|keyboardHidden|orientation|screenSize"
161-->src\main\AndroidManifest.xml:166:13-83
162            android:exported="true"
162-->src\main\AndroidManifest.xml:167:13-36
163            android:theme="@style/CheckoutTheme" >
163-->src\main\AndroidManifest.xml:168:13-49
164            <intent-filter>
164-->src\main\AndroidManifest.xml:169:13-174:29
165                <action android:name="android.intent.action.MAIN" />
165-->src\main\AndroidManifest.xml:170:17-69
165-->src\main\AndroidManifest.xml:170:25-66
166
167                <data
167-->src\main\AndroidManifest.xml:120:17-123:46
168                    android:host="rzp.io"
168-->src\main\AndroidManifest.xml:121:21-49
169                    android:scheme="io.rzp" />
169-->src\main\AndroidManifest.xml:123:21-43
170            </intent-filter>
171        </activity>
172        <activity
172-->src\main\AndroidManifest.xml:177:9-179:52
173            android:name="com.mobile.cover.photo.editor.back.maker.aaNewUpdate.HomeMainActivity"
173-->src\main\AndroidManifest.xml:178:13-57
174            android:screenOrientation="portrait" />
174-->src\main\AndroidManifest.xml:179:13-49
175        <activity
175-->src\main\AndroidManifest.xml:180:9-182:52
176            android:name="com.mobile.cover.photo.editor.back.maker.activity.Usefull.FontActivity"
176-->src\main\AndroidManifest.xml:181:13-58
177            android:screenOrientation="portrait" />
177-->src\main\AndroidManifest.xml:182:13-49
178        <activity
178-->src\main\AndroidManifest.xml:183:9-186:52
179            android:name="com.mobile.cover.photo.editor.back.maker.activity.Usefull.StickerActivity"
179-->src\main\AndroidManifest.xml:184:13-61
180            android:configChanges="keyboard|keyboardHidden|orientation|screenLayout|uiMode|screenSize|smallestScreenSize"
180-->src\main\AndroidManifest.xml:185:13-122
181            android:screenOrientation="portrait" />
181-->src\main\AndroidManifest.xml:186:13-49
182        <activity
182-->src\main\AndroidManifest.xml:187:9-189:52
183            android:name="com.mobile.cover.photo.editor.back.maker.activity.Usefull.CaseEditActivity"
183-->src\main\AndroidManifest.xml:188:13-62
184            android:screenOrientation="portrait" />
184-->src\main\AndroidManifest.xml:189:13-49
185        <activity
185-->src\main\AndroidManifest.xml:190:9-192:52
186            android:name="com.mobile.cover.photo.editor.back.maker.activity.Un_Usefull_Old.CaseEditActivity2"
186-->src\main\AndroidManifest.xml:191:13-70
187            android:screenOrientation="portrait" />
187-->src\main\AndroidManifest.xml:192:13-49
188        <activity
188-->src\main\AndroidManifest.xml:193:9-196:52
189            android:name="com.mobile.cover.photo.editor.back.maker.activity.Usefull.Custom_CaseEditActivity"
189-->src\main\AndroidManifest.xml:194:13-69
190            android:launchMode="singleTask"
190-->src\main\AndroidManifest.xml:195:13-44
191            android:screenOrientation="portrait" />
191-->src\main\AndroidManifest.xml:196:13-49
192        <activity
192-->src\main\AndroidManifest.xml:197:9-201:58
193            android:name="com.mobile.cover.photo.editor.back.maker.activity.Usefull.RegistrationActivity"
193-->src\main\AndroidManifest.xml:198:13-66
194            android:configChanges="keyboard|keyboardHidden|orientation|screenLayout|uiMode|screenSize|smallestScreenSize"
194-->src\main\AndroidManifest.xml:199:13-122
195            android:screenOrientation="portrait"
195-->src\main\AndroidManifest.xml:200:13-49
196            android:windowSoftInputMode="adjustResize" />
196-->src\main\AndroidManifest.xml:201:13-55
197        <activity
197-->src\main\AndroidManifest.xml:202:9-204:52
198            android:name="com.mobile.cover.photo.editor.back.maker.activity.Usefull.EditRegDataActivity"
198-->src\main\AndroidManifest.xml:203:13-65
199            android:screenOrientation="portrait" />
199-->src\main\AndroidManifest.xml:204:13-49
200        <activity
200-->src\main\AndroidManifest.xml:205:9-207:52
201            android:name="com.mobile.cover.photo.editor.back.maker.activity.Usefull.LogInActivity"
201-->src\main\AndroidManifest.xml:206:13-59
202            android:screenOrientation="portrait" />
202-->src\main\AndroidManifest.xml:207:13-49
203        <activity
203-->src\main\AndroidManifest.xml:208:9-211:52
204            android:name="com.mobile.cover.photo.editor.back.maker.aaNewUpdate.checkout.PlaceOrderActivity"
204-->src\main\AndroidManifest.xml:209:13-68
205            android:launchMode="singleTask"
205-->src\main\AndroidManifest.xml:210:13-44
206            android:screenOrientation="portrait" />
206-->src\main\AndroidManifest.xml:211:13-49
207        <activity
207-->src\main\AndroidManifest.xml:212:9-216:53
208            android:name="com.mobile.cover.photo.editor.back.maker.activity.Usefull.CoffeeMugEditActivity"
208-->src\main\AndroidManifest.xml:213:13-67
209            android:configChanges="keyboard|keyboardHidden|orientation|screenLayout|uiMode|screenSize|smallestScreenSize"
209-->src\main\AndroidManifest.xml:214:13-122
210            android:launchMode="singleTask"
210-->src\main\AndroidManifest.xml:215:13-44
211            android:screenOrientation="landscape" />
211-->src\main\AndroidManifest.xml:216:13-50
212        <activity
212-->src\main\AndroidManifest.xml:217:9-219:52
213            android:name="com.mobile.cover.photo.editor.back.maker.aaNewUpdate.activity.ChangePasswordActivity"
213-->src\main\AndroidManifest.xml:218:13-72
214            android:screenOrientation="portrait" />
214-->src\main\AndroidManifest.xml:219:13-49
215        <activity
215-->src\main\AndroidManifest.xml:220:9-222:52
216            android:name="com.mobile.cover.photo.editor.back.maker.activity.Usefull.SellerRegistration"
216-->src\main\AndroidManifest.xml:221:13-64
217            android:screenOrientation="portrait" />
217-->src\main\AndroidManifest.xml:222:13-49
218        <activity
218-->src\main\AndroidManifest.xml:223:9-227:52
219            android:name="com.mobile.cover.photo.editor.back.maker.Paymentintegration.WebViewActivity"
219-->src\main\AndroidManifest.xml:224:13-63
220            android:configChanges="orientation|screenSize"
220-->src\main\AndroidManifest.xml:225:13-59
221            android:label="@string/app_name"
221-->src\main\AndroidManifest.xml:226:13-45
222            android:screenOrientation="portrait" />
222-->src\main\AndroidManifest.xml:227:13-49
223
224        <receiver
224-->src\main\AndroidManifest.xml:229:9-235:20
225            android:name="com.mobile.cover.photo.editor.back.maker.Paymentintegration.SmsReceiver"
225-->src\main\AndroidManifest.xml:230:13-59
226            android:exported="false" >
226-->src\main\AndroidManifest.xml:231:13-37
227            <intent-filter>
227-->src\main\AndroidManifest.xml:232:13-234:29
228                <action android:name="android.provider.Telephony.SMS_RECEIVED" />
228-->src\main\AndroidManifest.xml:233:17-82
228-->src\main\AndroidManifest.xml:233:25-79
229            </intent-filter>
230        </receiver>
231
232        <activity
232-->src\main\AndroidManifest.xml:238:9-252:20
233            android:name="com.mobile.cover.photo.editor.back.maker.Paymentintegration.StatusActivity"
233-->src\main\AndroidManifest.xml:239:13-62
234            android:exported="true"
234-->src\main\AndroidManifest.xml:240:13-36
235            android:label="@string/title_activity_status"
235-->src\main\AndroidManifest.xml:241:13-58
236            android:screenOrientation="portrait"
236-->src\main\AndroidManifest.xml:242:13-49
237            tools:ignore="AppLinkUrlError" >
237-->src\main\AndroidManifest.xml:243:13-43
238            <intent-filter>
238-->src\main\AndroidManifest.xml:244:13-251:29
239                <action android:name="android.intent.action.VIEW" />
239-->src\main\AndroidManifest.xml:115:17-69
239-->src\main\AndroidManifest.xml:115:25-66
240
241                <category android:name="android.intent.category.DEFAULT" />
241-->src\main\AndroidManifest.xml:117:17-76
241-->src\main\AndroidManifest.xml:117:27-73
242                <category android:name="android.intent.category.BROWSABLE" />
242-->src\main\AndroidManifest.xml:118:17-78
242-->src\main\AndroidManifest.xml:118:27-75
243
244                <data android:scheme="com.mobile.cover.photo.editor.back.maker" />
244-->src\main\AndroidManifest.xml:120:17-123:46
244-->src\main\AndroidManifest.xml:123:21-43
245            </intent-filter>
246        </activity>
247        <activity
247-->src\main\AndroidManifest.xml:253:9-255:52
248            android:name="com.mobile.cover.photo.editor.back.maker.activity.Usefull.OfferActivity"
248-->src\main\AndroidManifest.xml:254:13-59
249            android:screenOrientation="portrait" />
249-->src\main\AndroidManifest.xml:255:13-49
250        <activity
250-->src\main\AndroidManifest.xml:256:9-259:52
251            android:name="com.mobile.cover.photo.editor.back.maker.activity.Usefull.OrderDetailActivity"
251-->src\main\AndroidManifest.xml:257:13-65
252            android:launchMode="singleTask"
252-->src\main\AndroidManifest.xml:258:13-44
253            android:screenOrientation="portrait" />
253-->src\main\AndroidManifest.xml:259:13-49
254        <activity
254-->src\main\AndroidManifest.xml:260:9-262:52
255            android:name="com.mobile.cover.photo.editor.back.maker.aaNewUpdate.auth.PhoneAuthActivity"
255-->src\main\AndroidManifest.xml:261:13-63
256            android:screenOrientation="portrait" />
256-->src\main\AndroidManifest.xml:262:13-49
257        <activity
257-->src\main\AndroidManifest.xml:263:9-267:52
258            android:name="com.mobile.cover.photo.editor.back.maker.aaNewUpdate.activity.ModelListActivity"
258-->src\main\AndroidManifest.xml:264:13-67
259            android:configChanges="keyboard|keyboardHidden|orientation|screenLayout|uiMode|screenSize|smallestScreenSize"
259-->src\main\AndroidManifest.xml:265:13-122
260            android:launchMode="singleTask"
260-->src\main\AndroidManifest.xml:266:13-44
261            android:screenOrientation="portrait" />
261-->src\main\AndroidManifest.xml:267:13-49
262        <activity
262-->src\main\AndroidManifest.xml:268:9-270:52
263            android:name="com.mobile.cover.photo.editor.back.maker.activity.Usefull.ForgetpasswordActivity"
263-->src\main\AndroidManifest.xml:269:13-68
264            android:screenOrientation="portrait" />
264-->src\main\AndroidManifest.xml:270:13-49
265        <activity
265-->src\main\AndroidManifest.xml:271:9-273:52
266            android:name="com.mobile.cover.photo.editor.back.maker.activity.Usefull.ComplainChatActivity"
266-->src\main\AndroidManifest.xml:272:13-66
267            android:screenOrientation="portrait" />
267-->src\main\AndroidManifest.xml:273:13-49
268        <activity
268-->src\main\AndroidManifest.xml:274:9-276:52
269            android:name="com.mobile.cover.photo.editor.back.maker.activity.Usefull.SellerWalletActivity"
269-->src\main\AndroidManifest.xml:275:13-66
270            android:screenOrientation="portrait" />
270-->src\main\AndroidManifest.xml:276:13-49
271
272        <receiver
272-->src\main\AndroidManifest.xml:278:9-285:20
273            android:name="com.mobile.cover.photo.editor.back.maker.Alarm_notification.CAlarmReceiver"
273-->src\main\AndroidManifest.xml:279:13-62
274            android:enabled="true"
274-->src\main\AndroidManifest.xml:280:13-35
275            android:exported="false" >
275-->src\main\AndroidManifest.xml:281:13-37
276            <intent-filter>
276-->src\main\AndroidManifest.xml:282:13-284:29
277                <action android:name="android.intent.action.NOTIFY" />
277-->src\main\AndroidManifest.xml:283:17-71
277-->src\main\AndroidManifest.xml:283:25-68
278            </intent-filter>
279        </receiver>
280
281        <activity
281-->src\main\AndroidManifest.xml:287:9-293:59
282            android:name="com.mobile.cover.photo.editor.back.maker.activity.Usefull.FacebookAlbumPhotoActivity"
282-->src\main\AndroidManifest.xml:288:13-72
283            android:configChanges="keyboard|keyboardHidden|orientation|screenLayout|uiMode|screenSize|smallestScreenSize"
283-->src\main\AndroidManifest.xml:289:13-122
284            android:launchMode="singleInstance"
284-->src\main\AndroidManifest.xml:290:13-48
285            android:parentActivityName="com.mobile.cover.photo.editor.back.maker.activity.Usefull.FaceActivity"
285-->src\main\AndroidManifest.xml:291:13-72
286            android:screenOrientation="portrait"
286-->src\main\AndroidManifest.xml:292:13-49
287            android:theme="@style/AppTheme.NoActionBar" />
287-->src\main\AndroidManifest.xml:293:13-56
288        <activity
288-->src\main\AndroidManifest.xml:294:9-299:59
289            android:name="com.mobile.cover.photo.editor.back.maker.activity.Usefull.FaceActivity"
289-->src\main\AndroidManifest.xml:295:13-58
290            android:configChanges="keyboard|keyboardHidden|orientation|screenLayout|uiMode|screenSize|smallestScreenSize"
290-->src\main\AndroidManifest.xml:296:13-122
291            android:hardwareAccelerated="true"
291-->src\main\AndroidManifest.xml:297:13-47
292            android:screenOrientation="portrait"
292-->src\main\AndroidManifest.xml:298:13-49
293            android:theme="@style/AppTheme.NoActionBar" />
293-->src\main\AndroidManifest.xml:299:13-56
294        <activity
294-->src\main\AndroidManifest.xml:300:9-305:59
295            android:name="com.mobile.cover.photo.editor.back.maker.activity.Un_Usefull_Old.CropImageActivity1"
295-->src\main\AndroidManifest.xml:301:13-71
296            android:configChanges="keyboard|keyboardHidden|orientation|screenLayout|uiMode|screenSize|smallestScreenSize"
296-->src\main\AndroidManifest.xml:302:13-122
297            android:label=""
297-->src\main\AndroidManifest.xml:303:13-29
298            android:screenOrientation="portrait"
298-->src\main\AndroidManifest.xml:304:13-49
299            android:theme="@style/AppTheme.NoActionBar" />
299-->src\main\AndroidManifest.xml:305:13-56
300        <activity
300-->src\main\AndroidManifest.xml:306:9-313:59
301            android:name="com.mobile.cover.photo.editor.back.maker.activity.Usefull.AlbumImagesActivity"
301-->src\main\AndroidManifest.xml:307:13-65
302            android:configChanges="keyboard|keyboardHidden|orientation|screenLayout|uiMode|screenSize|smallestScreenSize"
302-->src\main\AndroidManifest.xml:308:13-122
303            android:label=""
303-->src\main\AndroidManifest.xml:309:13-29
304            android:launchMode="singleTask"
304-->src\main\AndroidManifest.xml:310:13-44
305            android:parentActivityName="com.mobile.cover.photo.editor.back.maker.activity.Usefull.FaceActivity"
305-->src\main\AndroidManifest.xml:311:13-72
306            android:screenOrientation="portrait"